This file contains any messages produced by compilers while
running configure, to aid debugging if configure makes a mistake.

It was created by configure, which was
generated by GNU Autoconf 2.59.  Invocation command line was

  $ ./configure --enable-maintainer-mode

## --------- ##
## Platform. ##
## --------- ##

hostname = localhost.localdomain
uname -m = i686
uname -r = 2.6.9-1.667
uname -s = Linux
uname -v = #1 Tue Nov 2 14:41:25 EST 2004

/usr/bin/uname -p = unknown
/bin/uname -X     = unknown

/bin/arch              = i686
/usr/bin/arch -k       = unknown
/usr/convex/getsysinfo = unknown
hostinfo               = unknown
/bin/machine           = unknown
/usr/bin/oslevel       = unknown
/bin/universe          = unknown

PATH: /usr/java/j2sdk1.4.2_01/bin
PATH: /usr/kerberos/bin
PATH: /usr/local/bin
PATH: /usr/bin
PATH: /bin
PATH: /usr/X11R6/bin
PATH: /home/ayub/bin/sbin
PATH: /home/ayub/bin


## ----------- ##
## Core tests. ##
## ----------- ##

configure:1302: checking for a BSD-compatible install
configure:1357: result: /usr/bin/install -c
configure:1368: checking whether build environment is sane
configure:1411: result: yes
configure:1476: checking for gawk
configure:1492: found /usr/bin/gawk
configure:1502: result: gawk
configure:1512: checking whether make sets $(MAKE)
configure:1532: result: yes
configure:1702: checking whether to enable maintainer-specific portions of Makefiles
configure:1711: result: yes
configure:1739: checking for style of include used by make
configure:1767: result: GNU
configure:1838: checking for gcc
configure:1854: found /usr/bin/gcc
configure:1864: result: gcc
configure:2108: checking for C compiler version
configure:2111: gcc --version </dev/null >&5
gcc (GCC) 3.4.2 20041017 (Red Hat 3.4.2-6.fc3)
Copyright (C) 2004 Free Software Foundation, Inc.
This is free software; see the source for copying conditions.  There is NO
warranty; not even for MERCHANTABILITY or FITNESS FOR A PARTICULAR PURPOSE.

configure:2114: $? = 0
configure:2116: gcc -v </dev/null >&5
Reading specs from /usr/lib/gcc/i386-redhat-linux/3.4.2/specs
Configured with: ../configure --prefix=/usr --mandir=/usr/share/man --infodir=/usr/share/info --enable-shared --enable-threads=posix --disable-checking --with-system-zlib --enable-__cxa_atexit --disable-libunwind-exceptions --enable-java-awt=gtk --host=i386-redhat-linux
Thread model: posix
gcc version 3.4.2 20041017 (Red Hat 3.4.2-6.fc3)
configure:2119: $? = 0
configure:2121: gcc -V </dev/null >&5
gcc: `-V' option must have argument
configure:2124: $? = 1
configure:2147: checking for C compiler default output file name
configure:2150: gcc    conftest.c  >&5
configure:2153: $? = 0
configure:2199: result: a.out
configure:2204: checking whether the C compiler works
configure:2210: ./a.out
configure:2213: $? = 0
configure:2230: result: yes
configure:2237: checking whether we are cross compiling
configure:2239: result: no
configure:2242: checking for suffix of executables
configure:2244: gcc -o conftest    conftest.c  >&5
configure:2247: $? = 0
configure:2272: result: 
configure:2278: checking for suffix of object files
configure:2299: gcc -c   conftest.c >&5
configure:2302: $? = 0
configure:2324: result: o
configure:2328: checking whether we are using the GNU C compiler
configure:2352: gcc -c   conftest.c >&5
configure:2358: $? = 0
configure:2362: test -z 
			 || test ! -s conftest.err
configure:2365: $? = 0
configure:2368: test -s conftest.o
configure:2371: $? = 0
configure:2384: result: yes
configure:2390: checking whether gcc accepts -g
configure:2411: gcc -c -g  conftest.c >&5
configure:2417: $? = 0
configure:2421: test -z 
			 || test ! -s conftest.err
configure:2424: $? = 0
configure:2427: test -s conftest.o
configure:2430: $? = 0
configure:2441: result: yes
configure:2458: checking for gcc option to accept ANSI C
configure:2528: gcc  -c -g -O2  conftest.c >&5
configure:2534: $? = 0
configure:2538: test -z 
			 || test ! -s conftest.err
configure:2541: $? = 0
configure:2544: test -s conftest.o
configure:2547: $? = 0
configure:2565: result: none needed
configure:2583: gcc -c -g -O2  conftest.c >&5
conftest.c:2: error: syntax error before "me"
configure:2589: $? = 1
configure: failed program was:
| #ifndef __cplusplus
|   choke me
| #endif
configure:2724: checking dependency style of gcc
configure:2814: result: gcc3
configure:2832: checking for library containing strerror
configure:2862: gcc -o conftest -g -O2   conftest.c  >&5
configure:2868: $? = 0
configure:2872: test -z 
			 || test ! -s conftest.err
configure:2875: $? = 0
configure:2878: test -s conftest
configure:2881: $? = 0
configure:2951: result: none required
configure:3004: checking for gcc
configure:3030: result: gcc
configure:3274: checking for C compiler version
configure:3277: gcc --version </dev/null >&5
gcc (GCC) 3.4.2 20041017 (Red Hat 3.4.2-6.fc3)
Copyright (C) 2004 Free Software Foundation, Inc.
This is free software; see the source for copying conditions.  There is NO
warranty; not even for MERCHANTABILITY or FITNESS FOR A PARTICULAR PURPOSE.

configure:3280: $? = 0
configure:3282: gcc -v </dev/null >&5
Reading specs from /usr/lib/gcc/i386-redhat-linux/3.4.2/specs
Configured with: ../configure --prefix=/usr --mandir=/usr/share/man --infodir=/usr/share/info --enable-shared --enable-threads=posix --disable-checking --with-system-zlib --enable-__cxa_atexit --disable-libunwind-exceptions --enable-java-awt=gtk --host=i386-redhat-linux
Thread model: posix
gcc version 3.4.2 20041017 (Red Hat 3.4.2-6.fc3)
configure:3285: $? = 0
configure:3287: gcc -V </dev/null >&5
gcc: `-V' option must have argument
configure:3290: $? = 1
configure:3293: checking whether we are using the GNU C compiler
configure:3349: result: yes
configure:3355: checking whether gcc accepts -g
configure:3406: result: yes
configure:3423: checking for gcc option to accept ANSI C
configure:3530: result: none needed
configure:3548: gcc -c -g -O2  conftest.c >&5
conftest.c:2: error: syntax error before "me"
configure:3554: $? = 1
configure: failed program was:
| #ifndef __cplusplus
|   choke me
| #endif
configure:3689: checking dependency style of gcc
configure:3779: result: gcc3
configure:3842: checking for gcc
configure:3868: result: gcc
configure:4112: checking for C compiler version
configure:4115: gcc --version </dev/null >&5
gcc (GCC) 3.4.2 20041017 (Red Hat 3.4.2-6.fc3)
Copyright (C) 2004 Free Software Foundation, Inc.
This is free software; see the source for copying conditions.  There is NO
warranty; not even for MERCHANTABILITY or FITNESS FOR A PARTICULAR PURPOSE.

configure:4118: $? = 0
configure:4120: gcc -v </dev/null >&5
Reading specs from /usr/lib/gcc/i386-redhat-linux/3.4.2/specs
Configured with: ../configure --prefix=/usr --mandir=/usr/share/man --infodir=/usr/share/info --enable-shared --enable-threads=posix --disable-checking --with-system-zlib --enable-__cxa_atexit --disable-libunwind-exceptions --enable-java-awt=gtk --host=i386-redhat-linux
Thread model: posix
gcc version 3.4.2 20041017 (Red Hat 3.4.2-6.fc3)
configure:4123: $? = 0
configure:4125: gcc -V </dev/null >&5
gcc: `-V' option must have argument
configure:4128: $? = 1
configure:4131: checking whether we are using the GNU C compiler
configure:4187: result: yes
configure:4193: checking whether gcc accepts -g
configure:4244: result: yes
configure:4261: checking for gcc option to accept ANSI C
configure:4368: result: none needed
configure:4386: gcc -c -g -O2  conftest.c >&5
conftest.c:2: error: syntax error before "me"
configure:4392: $? = 1
configure: failed program was:
| #ifndef __cplusplus
|   choke me
| #endif
configure:4527: checking dependency style of gcc
configure:4617: result: gcc3
configure:4642: checking how to run the C preprocessor
configure:4677: gcc -E  conftest.c
configure:4683: $? = 0
configure:4715: gcc -E  conftest.c
conftest.c:11:28: ac_nonexistent.h: No such file or directory
configure:4721: $? = 1
configure: failed program was:
| /* confdefs.h.  */
| 
| #define PACKAGE_NAME ""
| #define PACKAGE_TARNAME ""
| #define PACKAGE_VERSION ""
| #define PACKAGE_STRING ""
| #define PACKAGE_BUGREPORT ""
| #define PACKAGE "passmgmt"
| #define VERSION "0.1"
| /* end confdefs.h.  */
| #include <ac_nonexistent.h>
configure:4760: result: gcc -E
configure:4784: gcc -E  conftest.c
configure:4790: $? = 0
configure:4822: gcc -E  conftest.c
conftest.c:11:28: ac_nonexistent.h: No such file or directory
configure:4828: $? = 1
configure: failed program was:
| /* confdefs.h.  */
| 
| #define PACKAGE_NAME ""
| #define PACKAGE_TARNAME ""
| #define PACKAGE_VERSION ""
| #define PACKAGE_STRING ""
| #define PACKAGE_BUGREPORT ""
| #define PACKAGE "passmgmt"
| #define VERSION "0.1"
| /* end confdefs.h.  */
| #include <ac_nonexistent.h>
configure:4872: checking for egrep
configure:4882: result: grep -E
configure:4887: checking for ANSI C header files
configure:4912: gcc -c -g -O2  conftest.c >&5
configure:4918: $? = 0
configure:4922: test -z 
			 || test ! -s conftest.err
configure:4925: $? = 0
configure:4928: test -s conftest.o
configure:4931: $? = 0
configure:5020: gcc -o conftest -g -O2   conftest.c  >&5
configure:5023: $? = 0
configure:5025: ./conftest
configure:5028: $? = 0
configure:5043: result: yes
configure:5061: checking for pkg-config
configure:5079: found /usr/bin/pkg-config
configure:5092: result: /usr/bin/pkg-config
configure:5109: checking for gtk+-2.0 >= 2.0.0
configure:5113: result: yes
configure:5117: checking PACKAGE_CFLAGS
configure:5120: result: -DXTHREADS -D_REENTRANT -DXUSE_MTSAFE_API -I/usr/include/gtk-2.0 -I/usr/lib/gtk-2.0/include -I/usr/X11R6/include -I/usr/include/atk-1.0 -I/usr/include/pango-1.0 -I/usr/include/freetype2 -I/usr/include/freetype2/config -I/usr/include/glib-2.0 -I/usr/lib/glib-2.0/include  
configure:5123: checking PACKAGE_LIBS
configure:5126: result: -Wl,--export-dynamic -lgtk-x11-2.0 -lgdk-x11-2.0 -latk-1.0 -lgdk_pixbuf-2.0 -lm -lpangoxft-1.0 -lpangox-1.0 -lpango-1.0 -lgobject-2.0 -lgmodule-2.0 -ldl -lglib-2.0  
configure:5287: creating ./config.status

## ---------------------- ##
## Running config.status. ##
## ---------------------- ##

This file was extended by config.status, which was
generated by GNU Autoconf 2.59.  Invocation command line was

  CONFIG_FILES    = 
  CONFIG_HEADERS  = 
  CONFIG_LINKS    = 
  CONFIG_COMMANDS = 
  $ ./config.status 

on localhost.localdomain

config.status:696: creating Makefile
config.status:696: creating src/Makefile
config.status:800: creating config.h
config.status:1068: executing depfiles commands

## ---------------- ##
## Cache variables. ##
## ---------------- ##

ac_cv_c_compiler_gnu=yes
ac_cv_env_CC_set=
ac_cv_env_CC_value=
ac_cv_env_CFLAGS_set=
ac_cv_env_CFLAGS_value=
ac_cv_env_CPPFLAGS_set=
ac_cv_env_CPPFLAGS_value=
ac_cv_env_CPP_set=
ac_cv_env_CPP_value=
ac_cv_env_LDFLAGS_set=
ac_cv_env_LDFLAGS_value=
ac_cv_env_build_alias_set=
ac_cv_env_build_alias_value=
ac_cv_env_host_alias_set=
ac_cv_env_host_alias_value=
ac_cv_env_target_alias_set=
ac_cv_env_target_alias_value=
ac_cv_exeext=
ac_cv_header_stdc=yes
ac_cv_objext=o
ac_cv_path_PKG_CONFIG=/usr/bin/pkg-config
ac_cv_path_install='/usr/bin/install -c'
ac_cv_prog_AWK=gawk
ac_cv_prog_CPP='gcc -E'
ac_cv_prog_ac_ct_CC=gcc
ac_cv_prog_cc_g=yes
ac_cv_prog_cc_stdc=
ac_cv_prog_egrep='grep -E'
ac_cv_prog_make_make_set=yes
ac_cv_search_strerror='none required'
am_cv_CC_dependencies_compiler_type=gcc3
am_cv_prog_cc_stdc=

## ----------------- ##
## Output variables. ##
## ----------------- ##

ACLOCAL='${SHELL} /mnt/program/education/client-server-direct/passmgmt/missing --run aclocal-1.9'
AMDEPBACKSLASH='\'
AMDEP_FALSE='#'
AMDEP_TRUE=''
AMTAR='${SHELL} /mnt/program/education/client-server-direct/passmgmt/missing --run tar'
AUTOCONF='${SHELL} /mnt/program/education/client-server-direct/passmgmt/missing --run autoconf'
AUTOHEADER='${SHELL} /mnt/program/education/client-server-direct/passmgmt/missing --run autoheader'
AUTOMAKE='${SHELL} /mnt/program/education/client-server-direct/passmgmt/missing --run automake-1.9'
AWK='gawk'
CC='gcc'
CCDEPMODE='depmode=gcc3'
CFLAGS='-g -O2'
CPP='gcc -E'
CPPFLAGS=''
CYGPATH_W='echo'
DEFS='-DHAVE_CONFIG_H'
DEPDIR='.deps'
ECHO_C=''
ECHO_N='-n'
ECHO_T=''
EGREP='grep -E'
EXEEXT=''
INSTALL_DATA='${INSTALL} -m 644'
INSTALL_PROGRAM='${INSTALL}'
INSTALL_SCRIPT='${INSTALL}'
INSTALL_STRIP_PROGRAM='${SHELL} $(install_sh) -c -s'
LDFLAGS=''
LIBOBJS=''
LIBS=''
LTLIBOBJS=''
MAINT=''
MAINTAINER_MODE_FALSE='#'
MAINTAINER_MODE_TRUE=''
MAKEINFO='${SHELL} /mnt/program/education/client-server-direct/passmgmt/missing --run makeinfo'
OBJEXT='o'
PACKAGE='passmgmt'
PACKAGE_BUGREPORT=''
PACKAGE_CFLAGS='-DXTHREADS -D_REENTRANT -DXUSE_MTSAFE_API -I/usr/include/gtk-2.0 -I/usr/lib/gtk-2.0/include -I/usr/X11R6/include -I/usr/include/atk-1.0 -I/usr/include/pango-1.0 -I/usr/include/freetype2 -I/usr/include/freetype2/config -I/usr/include/glib-2.0 -I/usr/lib/glib-2.0/include  '
PACKAGE_LIBS='-Wl,--export-dynamic -lgtk-x11-2.0 -lgdk-x11-2.0 -latk-1.0 -lgdk_pixbuf-2.0 -lm -lpangoxft-1.0 -lpangox-1.0 -lpango-1.0 -lgobject-2.0 -lgmodule-2.0 -ldl -lglib-2.0  '
PACKAGE_NAME=''
PACKAGE_STRING=''
PACKAGE_TARNAME=''
PACKAGE_VERSION=''
PATH_SEPARATOR=':'
PKG_CONFIG='/usr/bin/pkg-config'
SET_MAKE=''
SHELL='/bin/sh'
STRIP=''
VERSION='0.1'
ac_ct_CC='gcc'
ac_ct_STRIP=''
am__fastdepCC_FALSE='#'
am__fastdepCC_TRUE=''
am__include='include'
am__leading_dot='.'
am__quote=''
am__tar='${AMTAR} chof - "$$tardir"'
am__untar='${AMTAR} xf -'
bindir='${exec_prefix}/bin'
build_alias=''
datadir='${prefix}/share'
exec_prefix='${prefix}'
host_alias=''
includedir='${prefix}/include'
infodir='${prefix}/info'
install_sh='/mnt/program/education/client-server-direct/passmgmt/install-sh'
libdir='${exec_prefix}/lib'
libexecdir='${exec_prefix}/libexec'
localstatedir='${prefix}/var'
mandir='${prefix}/man'
mkdir_p='mkdir -p --'
oldincludedir='/usr/include'
prefix='/usr/local'
program_transform_name='s,x,x,'
sbindir='${exec_prefix}/sbin'
sharedstatedir='${prefix}/com'
sysconfdir='${prefix}/etc'
target_alias=''

## ----------- ##
## confdefs.h. ##
## ----------- ##

#define PACKAGE "passmgmt"
#define PACKAGE_BUGREPORT ""
#define PACKAGE_NAME ""
#define PACKAGE_STRING ""
#define PACKAGE_TARNAME ""
#define PACKAGE_VERSION ""
#define STDC_HEADERS 1
#define VERSION "0.1"

configure: exit 0
