 :Male:0001:0:MD. AYUB ALI

STUDENTS_NAME MD. AYUB ALI
FATHERS_NAME M. A. ROB
MOTHERS_NAME MST. SHAHANA BEGUM
GROUP Science
SESSION 2005
BOARD Rajshahi
CLASS_ROLL 0001
BIRTHDATE 01-Jan-1980
TOT_LIST 0001
SECTION  
INSTITUTE_CODE 1025
INSTITUTE_NAME RAJSHAHI GOVT. COLLEGE
PREVIOUS_BOARD Rajshahi
PREVIOUS_YEAR 
PREVIOUS_ROLL 
PREVIOUS_REG 
PREVIOUS_SESSION -
GENDER Male
RELIGION Islam
SUB_01 101
SUB_02 102
SUB_03 107
SUB_04 108
SUB_05 141
SUB_06 142
SUB_07 143
SUB_08 144
SUB_09 237
SUB_10 238
SUB_11 
SUB_12 
SUB_13 
SUB_14 
SUB_15 
SUB_16 
SUB_17 
PHOTO /home/ayub/Rajshahi/2005/INSTITUTE_1025/ _Male_0001.gif
 :Male:0002:0:ASDFASD

STUDENTS_NAME ASDFASD
FATHERS_NAME ASDF
MOTHERS_NAME ASDF
GROUP Science
SESSION 2005
BOARD Rajshahi
CLASS_ROLL 0002
BIRTHDATE 01-Jan-1980
TOT_LIST 0001
SECTION  
INSTITUTE_CODE 1025
INSTITUTE_NAME RAJSHAHI GOVT. COLLEGE
PREVIOUS_BOARD Rajshahi
PREVIOUS_YEAR 2003
PREVIOUS_ROLL 666666
PREVIOUS_REG 888888
PREVIOUS_SESSION 2003-2004
GENDER Male
RELIGION Islam
SUB_01 101
SUB_02 102
SUB_03 107
SUB_04 108
SUB_05 141
SUB_06 142
SUB_07 143
SUB_08 144
SUB_09 237
SUB_10 238
SUB_11 
SUB_12 
SUB_13 
SUB_14 
SUB_15 
SUB_16 
SUB_17 
 :Male:0004:0:ASDFASD

STUDENTS_NAME ASDFASD
FATHERS_NAME ASDF
MOTHERS_NAME ASDF
GROUP Science
SESSION 2005
BOARD Rajshahi
CLASS_ROLL 0004
BIRTHDATE 01-Jan-1980
TOT_LIST 0001
SECTION  
INSTITUTE_CODE 1025
INSTITUTE_NAME RAJSHAHI GOVT. COLLEGE
PREVIOUS_BOARD Rajshahi
PREVIOUS_YEAR 2003
PREVIOUS_ROLL 666666
PREVIOUS_REG 888888
PREVIOUS_SESSION 2003-2004
GENDER Male
RELIGION Islam
SUB_01 101
SUB_02 102
SUB_03 107
SUB_04 108
SUB_05 141
SUB_06 142
SUB_07 143
SUB_08 144
SUB_09 237
SUB_10 238
SUB_11 
SUB_12 
SUB_13 
SUB_14 
SUB_15 
SUB_16 
SUB_17 
 :Male:0007:0:ASDFASD

STUDENTS_NAME ASDFASD
FATHERS_NAME ASDF
MOTHERS_NAME ASDF
GROUP Science
SESSION 2005
BOARD Rajshahi
CLASS_ROLL 0007
BIRTHDATE 01-Jan-1980
TOT_LIST 0001
SECTION  
INSTITUTE_CODE 1025
INSTITUTE_NAME RAJSHAHI GOVT. COLLEGE
PREVIOUS_BOARD Rajshahi
PREVIOUS_YEAR 2003
PREVIOUS_ROLL 666666
PREVIOUS_REG 888888
PREVIOUS_SESSION 2003-2004
GENDER Male
RELIGION Islam
SUB_01 101
SUB_02 102
SUB_03 107
SUB_04 108
SUB_05 141
SUB_06 142
SUB_07 143
SUB_08 144
SUB_09 237
SUB_10 238
SUB_11 
SUB_12 
SUB_13 
SUB_14 
SUB_15 
SUB_16 
SUB_17 
Female:0006: :0001:Science:0:MST. AYUB ALI

STUDENTS_NAME MST. AYUB ALI
FATHERS_NAME M. A. ROB
MOTHERS_NAME MST. SHAHANA BEGUM
GROUP Science
SESSION 2004
BOARD Rajshahi
CLASS_ROLL 0006
BIRTHDATE 01-Jan-1980
TOT_LIST 0001
SECTION  
INSTITUTE_CODE 1025
INSTITUTE_NAME RAJSHAHI GOVT. COLLEGE
PREVIOUS_BOARD Rajshahi
PREVIOUS_YEAR 
PREVIOUS_ROLL 
PREVIOUS_REG 
PREVIOUS_SESSION -
GENDER Female
RELIGION Islam
SUB_01 101
SUB_02 102
SUB_03 107
SUB_04 108
SUB_05 141
SUB_06 142
SUB_07 143
SUB_08 144
SUB_09 237
SUB_10 238
SUB_11 
SUB_12 
SUB_13 
SUB_14 
SUB_15 
SUB_16 
SUB_17 
PHOTO /home/ayub/Rajshahi/2004/INSTITUTE_1025/F_0006___0001_0.gif
Male:0001: :0001:Science:0:MD. AYUB ALI

STUDENTS_NAME MD. AYUB ALI
FATHERS_NAME M. A. ROB
MOTHERS_NAME MST. SHAHANA BEGUM
GROUP Science
SESSION 2004
BOARD Rajshahi
CLASS_ROLL 0001
BIRTHDATE 01-Jan-1980
TOT_LIST 0001
SECTION  
INSTITUTE_CODE 1025
INSTITUTE_NAME RAJSHAHI GOVT. COLLEGE
PREVIOUS_BOARD Rajshahi
PREVIOUS_YEAR 
PREVIOUS_ROLL 
PREVIOUS_REG 
PREVIOUS_SESSION -
GENDER Male
RELIGION Islam
SUB_01 101
SUB_02 102
SUB_03 107
SUB_04 108
SUB_05 141
SUB_06 142
SUB_07 143
SUB_08 144
SUB_09 237
SUB_10 238
SUB_11 
SUB_12 
SUB_13 
SUB_14 
SUB_15 
SUB_16 
SUB_17 
PHOTO /home/ayub/Rajshahi/2004/INSTITUTE_1025/M_0001___0001_0.gif
Male:0001: :0001:Science:0:MD. AYUB ALI

STUDENTS_NAME MD. AYUB ALI
FATHERS_NAME M. A. ROB
MOTHERS_NAME MST. SHAHANA BEGUM
GROUP Science
SESSION 2004
BOARD Rajshahi
CLASS_ROLL 0001
BIRTHDATE 01-Jan-1980
TOT_LIST 0001
SECTION  
INSTITUTE_CODE 1025
INSTITUTE_NAME RAJSHAHI GOVT. COLLEGE
PREVIOUS_BOARD Rajshahi
PREVIOUS_YEAR 
PREVIOUS_ROLL 
PREVIOUS_REG 
PREVIOUS_SESSION -
GENDER Male
RELIGION Islam
SUB_01 101
SUB_02 102
SUB_03 107
SUB_04 108
SUB_05 141
SUB_06 142
SUB_07 143
SUB_08 144
SUB_09 237
SUB_10 238
SUB_11 
SUB_12 
SUB_13 
SUB_14 
SUB_15 
SUB_16 
SUB_17 
PHOTO 
Male:0002: :0001:Science:0:MD. AYUB ALI

STUDENTS_NAME MD. AYUB ALI
FATHERS_NAME M. A. ROB
MOTHERS_NAME MST. SHAHANA BEGUM
GROUP Science
SESSION 2004
BOARD Rajshahi
CLASS_ROLL 0002
BIRTHDATE 01-Jan-1980
TOT_LIST 0001
SECTION  
INSTITUTE_CODE 1025
INSTITUTE_NAME RAJSHAHI GOVT. COLLEGE
PREVIOUS_BOARD Rajshahi
PREVIOUS_YEAR 
PREVIOUS_ROLL 
PREVIOUS_REG 
PREVIOUS_SESSION -
GENDER Male
RELIGION Islam
SUB_01 101
SUB_02 102
SUB_03 107
SUB_04 108
SUB_05 141
SUB_06 142
SUB_07 143
SUB_08 144
SUB_09 237
SUB_10 238
SUB_11 
SUB_12 
SUB_13 
SUB_14 
SUB_15 
SUB_16 
SUB_17 
PHOTO /home/ayub/Rajshahi/2004/INSTITUTE_1025/M_0002___0001_0.gif
Male:0003: :0001:Science:0:MD. AYUB ALI

STUDENTS_NAME MD. AYUB ALI
FATHERS_NAME M. A. ROB
MOTHERS_NAME MST. SHAHANA BEGUM
GROUP Science
SESSION 2004
BOARD Rajshahi
CLASS_ROLL 0003
BIRTHDATE 01-Jan-1980
TOT_LIST 0001
SECTION  
INSTITUTE_CODE 1025
INSTITUTE_NAME RAJSHAHI GOVT. COLLEGE
PREVIOUS_BOARD Rajshahi
PREVIOUS_YEAR 
PREVIOUS_ROLL 
PREVIOUS_REG 
PREVIOUS_SESSION -
GENDER Male
RELIGION Islam
SUB_01 101
SUB_02 102
SUB_03 107
SUB_04 108
SUB_05 141
SUB_06 142
SUB_07 143
SUB_08 144
SUB_09 237
SUB_10 238
SUB_11 
SUB_12 
SUB_13 
SUB_14 
SUB_15 
SUB_16 
SUB_17 
PHOTO /home/ayub/Rajshahi/2004/INSTITUTE_1025/M_0003___0001_0.gif
Male:0004:B:0001:Science:0:MD. AYUB ALI

STUDENTS_NAME MD. AYUB ALI
FATHERS_NAME M. A. ROB
MOTHERS_NAME MST. SHAHANA BEGUM
GROUP Science
SESSION 2004
BOARD Rajshahi
CLASS_ROLL 0004
BIRTHDATE 01-Jan-1980
TOT_LIST 0001
SECTION B
INSTITUTE_CODE 1025
INSTITUTE_NAME RAJSHAHI GOVT. COLLEGE
PREVIOUS_BOARD Rajshahi
PREVIOUS_YEAR 
PREVIOUS_ROLL 
PREVIOUS_REG 
PREVIOUS_SESSION -
GENDER Male
RELIGION Islam
SUB_01 101
SUB_02 102
SUB_03 107
SUB_04 108
SUB_05 141
SUB_06 142
SUB_07 143
SUB_08 144
SUB_09 237
SUB_10 238
SUB_11 
SUB_12 
SUB_13 
SUB_14 
SUB_15 
SUB_16 
SUB_17 
PHOTO /home/ayub/Rajshahi/2004/INSTITUTE_1025/M_0004_B_0001_0.gif
Male:0004: :0001:Science:0:MD. AYUB ALI

STUDENTS_NAME MD. AYUB ALI
FATHERS_NAME M. A. ROB
MOTHERS_NAME MST. SHAHANA BEGUM
GROUP Science
SESSION 2004
BOARD Rajshahi
CLASS_ROLL 0004
BIRTHDATE 01-Jan-1980
TOT_LIST 0001
SECTION  
INSTITUTE_CODE 1025
INSTITUTE_NAME RAJSHAHI GOVT. COLLEGE
PREVIOUS_BOARD Rajshahi
PREVIOUS_YEAR 
PREVIOUS_ROLL 
PREVIOUS_REG 
PREVIOUS_SESSION -
GENDER Male
RELIGION Islam
SUB_01 101
SUB_02 102
SUB_03 107
SUB_04 108
SUB_05 141
SUB_06 142
SUB_07 143
SUB_08 144
SUB_09 237
SUB_10 238
SUB_11 
SUB_12 
SUB_13 
SUB_14 
SUB_15 
SUB_16 
SUB_17 
PHOTO /home/ayub/Rajshahi/2004/INSTITUTE_1025/M_0004___0001_0.gif
Male:0005: :0001:Science:0:MD. AYUB ALI

STUDENTS_NAME MD. AYUB ALI
FATHERS_NAME M. A. ROB
MOTHERS_NAME MST. SHAHANA BEGUM
GROUP Science
SESSION 2004
BOARD Rajshahi
CLASS_ROLL 0005
BIRTHDATE 01-Jan-1980
TOT_LIST 0001
SECTION  
INSTITUTE_CODE 1025
INSTITUTE_NAME RAJSHAHI GOVT. COLLEGE
PREVIOUS_BOARD Rajshahi
PREVIOUS_YEAR 
PREVIOUS_ROLL 
PREVIOUS_REG 
PREVIOUS_SESSION -
GENDER Male
RELIGION Islam
SUB_01 101
SUB_02 102
SUB_03 107
SUB_04 108
SUB_05 141
SUB_06 142
SUB_07 143
SUB_08 144
SUB_09 237
SUB_10 238
SUB_11 
SUB_12 
SUB_13 
SUB_14 
SUB_15 
SUB_16 
SUB_17 
PHOTO /home/ayub/Rajshahi/2004/INSTITUTE_1025/M_0005___0001_0.gif
Male:0006: :0001:Science:0:MD. AYUB ALI

STUDENTS_NAME MD. AYUB ALI
FATHERS_NAME M. A. ROB
MOTHERS_NAME MST. SHAHANA BEGUM
GROUP Science
SESSION 2004
BOARD Rajshahi
CLASS_ROLL 0006
BIRTHDATE 01-Jan-1980
TOT_LIST 0001
SECTION  
INSTITUTE_CODE 1025
INSTITUTE_NAME RAJSHAHI GOVT. COLLEGE
PREVIOUS_BOARD Rajshahi
PREVIOUS_YEAR 
PREVIOUS_ROLL 
PREVIOUS_REG 
PREVIOUS_SESSION -
GENDER Male
RELIGION Islam
SUB_01 101
SUB_02 102
SUB_03 107
SUB_04 108
SUB_05 141
SUB_06 142
SUB_07 143
SUB_08 144
SUB_09 237
SUB_10 238
SUB_11 
SUB_12 
SUB_13 
SUB_14 
SUB_15 
SUB_16 
SUB_17 
PHOTO /home/ayub/Rajshahi/2004/INSTITUTE_1025/M_0006___0001_0.gif
